<?xml version="1.0" encoding="UTF-8"?>
<!-- Generated by org.testng.reporters.JUnitReportReporter -->
<testsuite hostname="DESKTOP-1STIG52" failures="0" tests="1" name="com.sample.FirstSeleniumScript" time="4.967" errors="0" timestamp="2022-11-05T17:06:45 CET" skipped="0">
  <testcase classname="com.sample.FirstSeleniumScript" name="test1" time="4.967"/>
  <system-out/>
</testsuite> <!-- com.sample.FirstSeleniumScript -->
